android/app/build/intermediates/manifest_merge_blame_file/release/manifest-merger-blame-release-report.txt
1<?xml version="1.0" encoding="utf-8"?>
2<manifest xmlns:android="http://schemas.android.com/apk/res/android"
3    package="com.example.islami"
4    android:versionCode="1"
5    android:versionName="1.0" >
6
7    <uses-sdk
8        android:minSdkVersion="21"
8-->src\main\AndroidManifest.xml
9        android:targetSdkVersion="33" />
9-->src\main\AndroidManifest.xml
10    <!--
11         Required to query activities that can process text, see:
12         https://developer.android.com/training/package-visibility?hl=en and
13         https://developer.android.com/reference/android/content/Intent#ACTION_PROCESS_TEXT.
14
15         In particular, this is used by the Flutter engine in io.flutter.plugin.text.ProcessTextPlugin.
16    -->
17    <queries>
17-->src\main\AndroidManifest.xml:38:5-43:15
18        <intent>
18-->src\main\AndroidManifest.xml:39:9-42:18
19            <action android:name="android.intent.action.PROCESS_TEXT" />
19-->src\main\AndroidManifest.xml:40:13-72
19-->src\main\AndroidManifest.xml:40:21-70
20
21            <data android:mimeType="text/plain" />
21-->src\main\AndroidManifest.xml:41:13-50
21-->src\main\AndroidManifest.xml:41:19-48
22        </intent>
23    </queries>
24    <!-- Although the *SdkVersion is captured in gradle build files, this is required for non gradle builds -->
25    <!-- <uses-sdk android:minSdkVersion="21" /> -->
26    <uses-permission android:name="android.permission.ACCESS_NETWORK_STATE" />
26-->[com.google.firebase:firebase-firestore:25.0.0] AndroidManifest.xml:10:5-79
26-->[com.google.firebase:firebase-firestore:25.0.0] AndroidManifest.xml:10:22-76
27    <uses-permission android:name="android.permission.INTERNET" />
27-->[com.google.firebase:firebase-firestore:25.0.0] AndroidManifest.xml:11:5-67
27-->[com.google.firebase:firebase-firestore:25.0.0] AndroidManifest.xml:11:22-64
28    <uses-permission android:name="android.permission.WAKE_LOCK" />
28-->[com.google.android.gms:play-services-measurement-api:22.0.1] AndroidManifest.xml:24:5-68
28-->[com.google.android.gms:play-services-measurement-api:22.0.1] AndroidManifest.xml:24:22-65
29    <uses-permission android:name="com.google.android.gms.permission.AD_ID" />
29-->[com.google.android.gms:play-services-measurement-api:22.0.1] AndroidManifest.xml:25:5-79
29-->[com.google.android.gms:play-services-measurement-api:22.0.1] AndroidManifest.xml:25:22-76
30    <uses-permission android:name="android.permission.ACCESS_ADSERVICES_ATTRIBUTION" />
30-->[com.google.android.gms:play-services-measurement-api:22.0.1] AndroidManifest.xml:26:5-88
30-->[com.google.android.gms:play-services-measurement-api:22.0.1] AndroidManifest.xml:26:22-85
31    <uses-permission android:name="android.permission.ACCESS_ADSERVICES_AD_ID" />
31-->[com.google.android.gms:play-services-measurement-api:22.0.1] AndroidManifest.xml:27:5-82
31-->[com.google.android.gms:play-services-measurement-api:22.0.1] AndroidManifest.xml:27:22-79
32    <uses-permission android:name="com.google.android.finsky.permission.BIND_GET_INSTALL_REFERRER_SERVICE" />
32-->[com.google.android.gms:play-services-measurement:22.0.1] AndroidManifest.xml:26:5-110
32-->[com.google.android.gms:play-services-measurement:22.0.1] AndroidManifest.xml:26:22-107
33
34    <permission
34-->[androidx.core:core:1.13.1] AndroidManifest.xml:22:5-24:47
35        android:name="com.example.islami.DYNAMIC_RECEIVER_NOT_EXPORTED_PERMISSION"
35-->[androidx.core:core:1.13.1] AndroidManifest.xml:23:9-81
36        android:protectionLevel="signature" />
36-->[androidx.core:core:1.13.1] AndroidManifest.xml:24:9-44
37
38    <uses-permission android:name="com.example.islami.DYNAMIC_RECEIVER_NOT_EXPORTED_PERMISSION" />
38-->[androidx.core:core:1.13.1] AndroidManifest.xml:26:5-97
38-->[androidx.core:core:1.13.1] AndroidManifest.xml:26:22-94
39
40    <application
41        android:name="android.app.Application"
41-->src\main\AndroidManifest.xml:4:9-42
42        android:appComponentFactory="androidx.core.app.CoreComponentFactory"
42-->[androidx.core:core:1.13.1] AndroidManifest.xml:28:18-86
43        android:icon="@mipmap/ic_launcher"
43-->src\main\AndroidManifest.xml:5:9-43
44        android:label="islami" >
44-->src\main\AndroidManifest.xml:3:9-31
45        <activity
45-->src\main\AndroidManifest.xml:6:9-26:20
46            android:name="com.example.islami.MainActivity"
46-->src\main\AndroidManifest.xml:7:13-41
47            android:configChanges="orientation|keyboardHidden|keyboard|screenSize|smallestScreenSize|locale|layoutDirection|fontScale|screenLayout|density|uiMode"
47-->src\main\AndroidManifest.xml:11:13-163
48            android:exported="true"
48-->src\main\AndroidManifest.xml:8:13-36
49            android:hardwareAccelerated="true"
49-->src\main\AndroidManifest.xml:12:13-47
50            android:launchMode="singleTop"
50-->src\main\AndroidManifest.xml:9:13-43
51            android:theme="@style/LaunchTheme"
51-->src\main\AndroidManifest.xml:10:13-47
52            android:windowSoftInputMode="adjustResize" >
52-->src\main\AndroidManifest.xml:13:13-55
53
54            <!--
55                 Specifies an Android theme to apply to this Activity as soon as
56                 the Android process has started. This theme is visible to the user
57                 while the Flutter UI initializes. After that, this theme continues
58                 to determine the Window background behind the Flutter UI.
59            -->
60            <meta-data
60-->src\main\AndroidManifest.xml:18:13-21:17
61                android:name="io.flutter.embedding.android.NormalTheme"
61-->src\main\AndroidManifest.xml:19:15-70
62                android:resource="@style/NormalTheme" />
62-->src\main\AndroidManifest.xml:20:15-52
63
64            <intent-filter>
64-->src\main\AndroidManifest.xml:22:13-25:29
65                <action android:name="android.intent.action.MAIN" />
65-->src\main\AndroidManifest.xml:23:17-68
65-->src\main\AndroidManifest.xml:23:25-66
66
67                <category android:name="android.intent.category.LAUNCHER" />
67-->src\main\AndroidManifest.xml:24:17-76
67-->src\main\AndroidManifest.xml:24:27-74
68            </intent-filter>
69        </activity>
70        <!--
71             Don't delete the meta-data below.
72             This is used by the Flutter tool to generate GeneratedPluginRegistrant.java
73        -->
74        <meta-data
74-->src\main\AndroidManifest.xml:29:9-31:33
75            android:name="flutterEmbedding"
75-->src\main\AndroidManifest.xml:30:13-44
76            android:value="2" />
76-->src\main\AndroidManifest.xml:31:13-30
77
78        <service
78-->[:cloud_firestore] AndroidManifest.xml:10:9-14:19
79            android:name="com.google.firebase.components.ComponentDiscoveryService"
79-->[:cloud_firestore] AndroidManifest.xml:10:18-89
80            android:directBootAware="true"
80-->[com.google.firebase:firebase-common:21.0.0] AndroidManifest.xml:32:13-43
81            android:exported="false" >
81-->[com.google.firebase:firebase-firestore:25.0.0] AndroidManifest.xml:16:13-37
82            <meta-data
82-->[:cloud_firestore] AndroidManifest.xml:11:13-13:85
83                android:name="com.google.firebase.components:io.flutter.plugins.firebase.firestore.FlutterFirebaseFirestoreRegistrar"
83-->[:cloud_firestore] AndroidManifest.xml:12:17-134
84                android:value="com.google.firebase.components.ComponentRegistrar" />
84-->[:cloud_firestore] AndroidManifest.xml:13:17-82
85            <meta-data
85-->[:firebase_core] AndroidManifest.xml:11:13-13:85
86                android:name="com.google.firebase.components:io.flutter.plugins.firebase.core.FlutterFirebaseCoreRegistrar"
86-->[:firebase_core] AndroidManifest.xml:12:17-124
87                android:value="com.google.firebase.components.ComponentRegistrar" />
87-->[:firebase_core] AndroidManifest.xml:13:17-82
88            <meta-data
88-->[com.google.firebase:firebase-firestore:25.0.0] AndroidManifest.xml:17:13-19:85
89                android:name="com.google.firebase.components:com.google.firebase.firestore.FirebaseFirestoreKtxRegistrar"
89-->[com.google.firebase:firebase-firestore:25.0.0] AndroidManifest.xml:18:17-122
90                android:value="com.google.firebase.components.ComponentRegistrar" />
90-->[com.google.firebase:firebase-firestore:25.0.0] AndroidManifest.xml:19:17-82
91            <meta-data
91-->[com.google.firebase:firebase-firestore:25.0.0] AndroidManifest.xml:20:13-22:85
92                android:name="com.google.firebase.components:com.google.firebase.firestore.FirestoreRegistrar"
92-->[com.google.firebase:firebase-firestore:25.0.0] AndroidManifest.xml:21:17-111
93                android:value="com.google.firebase.components.ComponentRegistrar" />
93-->[com.google.firebase:firebase-firestore:25.0.0] AndroidManifest.xml:22:17-82
94            <meta-data
94-->[com.google.android.gms:play-services-measurement-api:22.0.1] AndroidManifest.xml:37:13-39:85
95                android:name="com.google.firebase.components:com.google.firebase.analytics.connector.internal.AnalyticsConnectorRegistrar"
95-->[com.google.android.gms:play-services-measurement-api:22.0.1] AndroidManifest.xml:38:17-139
96                android:value="com.google.firebase.components.ComponentRegistrar" />
96-->[com.google.android.gms:play-services-measurement-api:22.0.1] AndroidManifest.xml:39:17-82
97            <meta-data
97-->[com.google.firebase:firebase-installations:18.0.0] AndroidManifest.xml:15:13-17:85
98                android:name="com.google.firebase.components:com.google.firebase.installations.FirebaseInstallationsKtxRegistrar"
98-->[com.google.firebase:firebase-installations:18.0.0] AndroidManifest.xml:16:17-130
99                android:value="com.google.firebase.components.ComponentRegistrar" />
99-->[com.google.firebase:firebase-installations:18.0.0] AndroidManifest.xml:17:17-82
100            <meta-data
100-->[com.google.firebase:firebase-installations:18.0.0] AndroidManifest.xml:18:13-20:85
101                android:name="com.google.firebase.components:com.google.firebase.installations.FirebaseInstallationsRegistrar"
101-->[com.google.firebase:firebase-installations:18.0.0] AndroidManifest.xml:19:17-127
102                android:value="com.google.firebase.components.ComponentRegistrar" />
102-->[com.google.firebase:firebase-installations:18.0.0] AndroidManifest.xml:20:17-82
103            <meta-data
103-->[com.google.firebase:firebase-common-ktx:21.0.0] AndroidManifest.xml:12:13-14:85
104                android:name="com.google.firebase.components:com.google.firebase.ktx.FirebaseCommonLegacyRegistrar"
104-->[com.google.firebase:firebase-common-ktx:21.0.0] AndroidManifest.xml:13:17-116
105                android:value="com.google.firebase.components.ComponentRegistrar" />
105-->[com.google.firebase:firebase-common-ktx:21.0.0] AndroidManifest.xml:14:17-82
106            <meta-data
106-->[com.google.firebase:firebase-common:21.0.0] AndroidManifest.xml:35:13-37:85
107                android:name="com.google.firebase.components:com.google.firebase.FirebaseCommonKtxRegistrar"
107-->[com.google.firebase:firebase-common:21.0.0] AndroidManifest.xml:36:17-109
108                android:value="com.google.firebase.components.ComponentRegistrar" />
108-->[com.google.firebase:firebase-common:21.0.0] AndroidManifest.xml:37:17-82
109        </service>
110
111        <property
111-->[com.google.android.gms:play-services-measurement-api:22.0.1] AndroidManifest.xml:30:9-32:61
112            android:name="android.adservices.AD_SERVICES_CONFIG"
112-->[com.google.android.gms:play-services-measurement-api:22.0.1] AndroidManifest.xml:31:13-65
113            android:resource="@xml/ga_ad_services_config" />
113-->[com.google.android.gms:play-services-measurement-api:22.0.1] AndroidManifest.xml:32:13-58
114
115        <provider
115-->[com.google.firebase:firebase-common:21.0.0] AndroidManifest.xml:23:9-28:39
116            android:name="com.google.firebase.provider.FirebaseInitProvider"
116-->[com.google.firebase:firebase-common:21.0.0] AndroidManifest.xml:24:13-77
117            android:authorities="com.example.islami.firebaseinitprovider"
117-->[com.google.firebase:firebase-common:21.0.0] AndroidManifest.xml:25:13-72
118            android:directBootAware="true"
118-->[com.google.firebase:firebase-common:21.0.0] AndroidManifest.xml:26:13-43
119            android:exported="false"
119-->[com.google.firebase:firebase-common:21.0.0] AndroidManifest.xml:27:13-37
120            android:initOrder="100" />
120-->[com.google.firebase:firebase-common:21.0.0] AndroidManifest.xml:28:13-36
121
122        <receiver
122-->[com.google.android.gms:play-services-measurement:22.0.1] AndroidManifest.xml:29:9-33:20
123            android:name="com.google.android.gms.measurement.AppMeasurementReceiver"
123-->[com.google.android.gms:play-services-measurement:22.0.1] AndroidManifest.xml:30:13-85
124            android:enabled="true"
124-->[com.google.android.gms:play-services-measurement:22.0.1] AndroidManifest.xml:31:13-35
125            android:exported="false" >
125-->[com.google.android.gms:play-services-measurement:22.0.1] AndroidManifest.xml:32:13-37
126        </receiver>
127
128        <service
128-->[com.google.android.gms:play-services-measurement:22.0.1] AndroidManifest.xml:35:9-38:40
129            android:name="com.google.android.gms.measurement.AppMeasurementService"
129-->[com.google.android.gms:play-services-measurement:22.0.1] AndroidManifest.xml:36:13-84
130            android:enabled="true"
130-->[com.google.android.gms:play-services-measurement:22.0.1] AndroidManifest.xml:37:13-35
131            android:exported="false" />
131-->[com.google.android.gms:play-services-measurement:22.0.1] AndroidManifest.xml:38:13-37
132        <service
132-->[com.google.android.gms:play-services-measurement:22.0.1] AndroidManifest.xml:39:9-43:72
133            android:name="com.google.android.gms.measurement.AppMeasurementJobService"
133-->[com.google.android.gms:play-services-measurement:22.0.1] AndroidManifest.xml:40:13-87
134            android:enabled="true"
134-->[com.google.android.gms:play-services-measurement:22.0.1] AndroidManifest.xml:41:13-35
135            android:exported="false"
135-->[com.google.android.gms:play-services-measurement:22.0.1] AndroidManifest.xml:42:13-37
136            android:permission="android.permission.BIND_JOB_SERVICE" />
136-->[com.google.android.gms:play-services-measurement:22.0.1] AndroidManifest.xml:43:13-69
137
138        <activity
138-->[com.google.android.gms:play-services-base:18.0.1] AndroidManifest.xml:20:9-22:45
139            android:name="com.google.android.gms.common.api.GoogleApiActivity"
139-->[com.google.android.gms:play-services-base:18.0.1] AndroidManifest.xml:20:19-85
140            android:exported="false"
140-->[com.google.android.gms:play-services-base:18.0.1] AndroidManifest.xml:22:19-43
141            android:theme="@android:style/Theme.Translucent.NoTitleBar" />
141-->[com.google.android.gms:play-services-base:18.0.1] AndroidManifest.xml:21:19-78
142
143        <uses-library
143-->[androidx.window:window:1.2.0] AndroidManifest.xml:23:9-25:40
144            android:name="androidx.window.extensions"
144-->[androidx.window:window:1.2.0] AndroidManifest.xml:24:13-54
145            android:required="false" />
145-->[androidx.window:window:1.2.0] AndroidManifest.xml:25:13-37
146        <uses-library
146-->[androidx.window:window:1.2.0] AndroidManifest.xml:26:9-28:40
147            android:name="androidx.window.sidecar"
147-->[androidx.window:window:1.2.0] AndroidManifest.xml:27:13-51
148            android:required="false" />
148-->[androidx.window:window:1.2.0] AndroidManifest.xml:28:13-37
149        <uses-library
149-->[androidx.privacysandbox.ads:ads-adservices:1.0.0-beta05] AndroidManifest.xml:23:9-25:40
150            android:name="android.ext.adservices"
150-->[androidx.privacysandbox.ads:ads-adservices:1.0.0-beta05] AndroidManifest.xml:24:13-50
151            android:required="false" />
151-->[androidx.privacysandbox.ads:ads-adservices:1.0.0-beta05] AndroidManifest.xml:25:13-37
152
153        <meta-data
153-->[com.google.android.gms:play-services-basement:18.3.0] AndroidManifest.xml:21:9-23:69
154            android:name="com.google.android.gms.version"
154-->[com.google.android.gms:play-services-basement:18.3.0] AndroidManifest.xml:22:13-58
155            android:value="@integer/google_play_services_version" />
155-->[com.google.android.gms:play-services-basement:18.3.0] AndroidManifest.xml:23:13-66
156
157        <provider
157-->[androidx.lifecycle:lifecycle-process:2.7.0] AndroidManifest.xml:24:9-32:20
158            android:name="androidx.startup.InitializationProvider"
158-->[androidx.lifecycle:lifecycle-process:2.7.0] AndroidManifest.xml:25:13-67
159            android:authorities="com.example.islami.androidx-startup"
159-->[androidx.lifecycle:lifecycle-process:2.7.0] AndroidManifest.xml:26:13-68
160            android:exported="false" >
160-->[androidx.lifecycle:lifecycle-process:2.7.0] AndroidManifest.xml:27:13-37
161            <meta-data
161-->[androidx.lifecycle:lifecycle-process:2.7.0] AndroidManifest.xml:29:13-31:52
162                android:name="androidx.lifecycle.ProcessLifecycleInitializer"
162-->[androidx.lifecycle:lifecycle-process:2.7.0] AndroidManifest.xml:30:17-78
163                android:value="androidx.startup" />
163-->[androidx.lifecycle:lifecycle-process:2.7.0] AndroidManifest.xml:31:17-49
164            <meta-data
164-->[androidx.profileinstaller:profileinstaller:1.3.1] AndroidManifest.xml:29:13-31:52
165                android:name="androidx.profileinstaller.ProfileInstallerInitializer"
165-->[androidx.profileinstaller:profileinstaller:1.3.1] AndroidManifest.xml:30:17-85
166                android:value="androidx.startup" />
166-->[androidx.profileinstaller:profileinstaller:1.3.1] AndroidManifest.xml:31:17-49
167        </provider>
168
169        <receiver
169-->[androidx.profileinstaller:profileinstaller:1.3.1] AndroidManifest.xml:34:9-52:20
170            android:name="androidx.profileinstaller.ProfileInstallReceiver"
170-->[androidx.profileinstaller:profileinstaller:1.3.1] AndroidManifest.xml:35:13-76
171            android:directBootAware="false"
171-->[androidx.profileinstaller:profileinstaller:1.3.1] AndroidManifest.xml:36:13-44
172            android:enabled="true"
172-->[androidx.profileinstaller:profileinstaller:1.3.1] AndroidManifest.xml:37:13-35
173            android:exported="true"
173-->[androidx.profileinstaller:profileinstaller:1.3.1] AndroidManifest.xml:38:13-36
174            android:permission="android.permission.DUMP" >
174-->[androidx.profileinstaller:profileinstaller:1.3.1] AndroidManifest.xml:39:13-57
175            <intent-filter>
175-->[androidx.profileinstaller:profileinstaller:1.3.1] AndroidManifest.xml:40:13-42:29
176                <action android:name="androidx.profileinstaller.action.INSTALL_PROFILE" />
176-->[androidx.profileinstaller:profileinstaller:1.3.1] AndroidManifest.xml:41:17-91
176-->[androidx.profileinstaller:profileinstaller:1.3.1] AndroidManifest.xml:41:25-88
177            </intent-filter>
178            <intent-filter>
178-->[androidx.profileinstaller:profileinstaller:1.3.1] AndroidManifest.xml:43:13-45:29
179                <action android:name="androidx.profileinstaller.action.SKIP_FILE" />
179-->[androidx.profileinstaller:profileinstaller:1.3.1] AndroidManifest.xml:44:17-85
179-->[androidx.profileinstaller:profileinstaller:1.3.1] AndroidManifest.xml:44:25-82
180            </intent-filter>
181            <intent-filter>
181-->[androidx.profileinstaller:profileinstaller:1.3.1] AndroidManifest.xml:46:13-48:29
182                <action android:name="androidx.profileinstaller.action.SAVE_PROFILE" />
182-->[androidx.profileinstaller:profileinstaller:1.3.1] AndroidManifest.xml:47:17-88
182-->[androidx.profileinstaller:profileinstaller:1.3.1] AndroidManifest.xml:47:25-85
183            </intent-filter>
184            <intent-filter>
184-->[androidx.profileinstaller:profileinstaller:1.3.1] AndroidManifest.xml:49:13-51:29
185                <action android:name="androidx.profileinstaller.action.BENCHMARK_OPERATION" />
185-->[androidx.profileinstaller:profileinstaller:1.3.1] AndroidManifest.xml:50:17-95
185-->[androidx.profileinstaller:profileinstaller:1.3.1] AndroidManifest.xml:50:25-92
186            </intent-filter>
187        </receiver>
188    </application>
189
190</manifest>